<?xml version="1.0" encoding="UTF-8"?>
<!-- Generated by org.testng.reporters.JUnitReportReporter -->
<testsuite hostname="Asim_PC" failures="0" tests="2" name="ParametersInTestNg.ParamsExample" time="0.012" errors="0" timestamp="2025-07-18T22:50:46 IST" skipped="0">
  <testcase classname="ParametersInTestNg.ParamsExample" name="testMethod1" time="0.010"/>
  <testcase classname="ParametersInTestNg.ParamsExample" name="testMethod2" time="0.002"/>
</testsuite> <!-- ParametersInTestNg.ParamsExample -->
