<?xml version="1.0" encoding="UTF-8"?>
<!-- Generated by org.testng.reporters.JUnitReportReporter -->
<testsuite hostname="Asim_PC" failures="0" tests="1" name="Listeners.TestDisableListnerInAclass" time="0.016" errors="0" timestamp="2025-08-01T20:26:13 IST" skipped="0">
  <testcase classname="Listeners.TestDisableListnerInAclass" name="test1" time="0.016"/>
</testsuite> <!-- Listeners.TestDisableListnerInAclass -->
