<?xml version="1.0" encoding="UTF-8"?>
<!-- Generated by org.testng.reporters.JUnitReportReporter -->
<testsuite hostname="Asim_PC" failures="0" tests="2" name="Factories.TestWithoutFactory" time="0.013" errors="0" timestamp="2025-07-27T11:50:53 IST" skipped="0">
  <testcase classname="Factories.TestWithoutFactory" name="testWithoutFactory" time="0.001"/>
  <testcase classname="Factories.TestWithoutFactory" name="testWithoutFactory" time="0.012"/>
</testsuite> <!-- Factories.TestWithoutFactory -->
