<?xml version="1.0" encoding="UTF-8"?>
<!-- Generated by org.testng.reporters.JUnitReportReporter -->
<testsuite hostname="Asim_PC" failures="0" tests="2" name="Listeners.Test_DisableListnerInAclass" time="0.016" errors="0" timestamp="2025-08-02T20:49:54 IST" skipped="0">
  <testcase classname="Listeners.Test_DisableListnerInAclass" name="test2" time="0.002"/>
  <testcase classname="Listeners.Test_DisableListnerInAclass" name="test1" time="0.014"/>
</testsuite> <!-- Listeners.Test_DisableListnerInAclass -->
