<?xml version="1.0" encoding="UTF-8"?>
<!-- Generated by org.testng.reporters.JUnitReportReporter -->
<testsuite hostname="Asim_PC" failures="0" tests="1" name="Listeners.MyIExecutionListener_Test" time="0.002" errors="0" timestamp="2025-08-02T20:49:54 IST" skipped="0">
  <testcase classname="Listeners.MyIExecutionListener_Test" name="executionListenertest1" time="0.002"/>
</testsuite> <!-- Listeners.MyIExecutionListener_Test -->
