<?xml version="1.0" encoding="UTF-8"?>
<!-- Generated by org.testng.reporters.JUnitReportReporter -->
<testsuite hostname="Asim_PC" failures="0" tests="1" name="Listeners.MyIInvokedMethodListener_Test" time="0.010" errors="0" timestamp="2025-08-02T20:49:54 IST" skipped="0">
  <testcase classname="Listeners.MyIInvokedMethodListener_Test" name="invokedMethodListenerTest1" time="0.010"/>
</testsuite> <!-- Listeners.MyIInvokedMethodListener_Test -->
