<?xml version="1.0" encoding="UTF-8"?>
<!-- Generated by org.testng.reporters.JUnitReportReporter -->
<testsuite hostname="Asim_PC" failures="0" tests="3" name="ParametersInTestNg.DataProvidersExample" time="0.006" errors="0" timestamp="2025-07-18T23:54:58 IST" skipped="0">
  <testcase classname="ParametersInTestNg.DataProvidersExample" name="getPersonalInfo" time="0.001"/>
  <testcase classname="ParametersInTestNg.DataProvidersExample" name="getPersonalInfo" time="0.000"/>
  <testcase classname="ParametersInTestNg.DataProvidersExample" name="getPersonalInfo" time="0.005"/>
</testsuite> <!-- ParametersInTestNg.DataProvidersExample -->
