<?xml version="1.0" encoding="UTF-8"?>
<!-- Generated by org.testng.reporters.JUnitReportReporter -->
<testsuite hostname="Asim_PC" failures="0" tests="2" name="Factories.TestWithoutFactory" time="0.007" errors="0" timestamp="2025-07-20T18:26:51 IST" skipped="0">
  <testcase classname="Factories.TestWithoutFactory" name="testWithoutFactory" time="0.001"/>
  <testcase classname="Factories.TestWithoutFactory" name="testWithoutFactory" time="0.006"/>
</testsuite> <!-- Factories.TestWithoutFactory -->
