<?xml version="1.0" encoding="UTF-8"?>
<!-- Generated by org.testng.reporters.JUnitReportReporter -->
<testsuite hostname="Asim_PC" failures="0" tests="2" name="ParametersInTestNg.RetriableDataProviderSample" time="0.015" errors="0" timestamp="2025-07-27T23:11:19 IST" skipped="0">
  <testcase classname="ParametersInTestNg.RetriableDataProviderSample" name="retryDataProviderTest" time="0.004"/>
  <testcase classname="ParametersInTestNg.RetriableDataProviderSample" name="retryDataProviderTest" time="0.011"/>
</testsuite> <!-- ParametersInTestNg.RetriableDataProviderSample -->
