<?xml version="1.0" encoding="UTF-8"?>
<!-- Generated by org.testng.reporters.JUnitReportReporter -->
<testsuite hostname="Asim_PC" failures="0" tests="4" name="testGroups.GroupsOfGroups" time="0.006" errors="0" timestamp="2025-07-20T16:18:56 IST" skipped="0">
  <testcase classname="testGroups.GroupsOfGroups" name="testMethod2" time="0.001"/>
  <testcase classname="testGroups.GroupsOfGroups" name="testMethod1" time="0.002"/>
  <testcase classname="testGroups.GroupsOfGroups" name="testMethod3" time="0.001"/>
  <testcase classname="testGroups.GroupsOfGroups" name="testMethod4" time="0.002"/>
</testsuite> <!-- testGroups.GroupsOfGroups -->
