<?xml version="1.0" encoding="UTF-8"?>
<!-- Generated by org.testng.reporters.JUnitReportReporter -->
<testsuite hostname="Asim_PC" failures="0" tests="1" name="TestNg.TestNgPractice.RetryFailedTests" time="0.014" errors="0" timestamp="2025-07-23T23:17:37 IST" skipped="0">
  <testcase classname="TestNg.TestNgPractice.RetryFailedTests" name="getCount" time="0.014"/>
</testsuite> <!-- TestNg.TestNgPractice.RetryFailedTests -->
