<?xml version="1.0" encoding="UTF-8"?>
<!-- Generated by org.testng.reporters.JUnitReportReporter -->
<testsuite hostname="Asim_PC" failures="0" tests="1" name="Listeners.MyISuiteListener_Test" time="0.018" errors="0" timestamp="2025-08-02T21:25:11 IST" skipped="0">
  <testcase classname="Listeners.MyISuiteListener_Test" name="suiteListenerTest" time="0.018"/>
</testsuite> <!-- Listeners.MyISuiteListener_Test -->
