<?xml version="1.0" encoding="UTF-8"?>
<!-- Generated by org.testng.reporters.JUnitReportReporter -->
<testsuite hostname="Asim_PC" failures="0" tests="3" name="TestNg.TestNgPractice.TestNgAnnotations" time="0.007" errors="0" timestamp="2025-07-16T00:20:11 IST" skipped="1">
  <testcase classname="TestNg.TestNgPractice.TestNgAnnotations" name="test4" time="0.005"/>
  <testcase classname="TestNg.TestNgPractice.TestNgAnnotations" name="test4" time="0.002"/>
  <testcase classname="TestNg.TestNgPractice.TestNgAnnotations" name="test2">
    <skipped/>
  </testcase> <!-- test2 -->
</testsuite> <!-- TestNg.TestNgPractice.TestNgAnnotations -->
