<?xml version="1.0" encoding="UTF-8"?>
<!-- Generated by org.testng.reporters.JUnitReportReporter -->
<testsuite hostname="Asim_PC" failures="0" tests="3" name="Dependancies.DependanciesInTestNgXml" time="0.016" errors="0" timestamp="2025-07-20T18:00:46 IST" skipped="0">
  <testcase classname="Dependancies.DependanciesInTestNgXml" name="test3" time="0.002"/>
  <testcase classname="Dependancies.DependanciesInTestNgXml" name="test2" time="0.013"/>
  <testcase classname="Dependancies.DependanciesInTestNgXml" name="test1" time="0.001"/>
</testsuite> <!-- Dependancies.DependanciesInTestNgXml -->
