<?xml version="1.0" encoding="UTF-8"?>
<!-- Generated by org.testng.reporters.JUnitReportReporter -->
<testsuite hostname="Asim_PC" failures="0" tests="3" name="ParametersInTestNg.DataProvidersExample" time="0.017" errors="0" timestamp="2025-07-27T13:32:25 IST" skipped="0">
  <testcase classname="ParametersInTestNg.DataProvidersExample" name="getPersonalInfo" time="0.002"/>
  <testcase classname="ParametersInTestNg.DataProvidersExample" name="getPersonalInfo" time="0.002"/>
  <testcase classname="ParametersInTestNg.DataProvidersExample" name="getPersonalInfo" time="0.013"/>
</testsuite> <!-- ParametersInTestNg.DataProvidersExample -->
