<?xml version="1.0" encoding="UTF-8"?>
<!-- Generated by org.testng.reporters.JUnitReportReporter -->
<testsuite hostname="Asim_PC" failures="0" tests="2" name="TestNg.TestNgPractice.IgnoreEntireClass" time="0.002" errors="0" timestamp="2025-07-20T21:17:25 IST" skipped="0">
  <testcase classname="TestNg.TestNgPractice.IgnoreEntireClass" name="test1" time="0.001"/>
  <testcase classname="TestNg.TestNgPractice.IgnoreEntireClass" name="test2" time="0.001"/>
</testsuite> <!-- TestNg.TestNgPractice.IgnoreEntireClass -->
