<?xml version="1.0" encoding="UTF-8"?>
<!-- Generated by org.testng.reporters.JUnitReportReporter -->
<testsuite hostname="Asim_PC" failures="0" tests="3" name="TestNg.TestNgPractice.TestGroups" time="0.006" errors="0" timestamp="2025-07-20T16:18:56 IST" skipped="0">
  <testcase classname="TestNg.TestNgPractice.TestGroups" name="testMethod3" time="0.003"/>
  <testcase classname="TestNg.TestNgPractice.TestGroups" name="testMethod1" time="0.002"/>
  <testcase classname="TestNg.TestNgPractice.TestGroups" name="testMethod2" time="0.001"/>
</testsuite> <!-- TestNg.TestNgPractice.TestGroups -->
