<?xml version="1.0" encoding="UTF-8"?>
<!-- Generated by org.testng.reporters.JUnitReportReporter -->
<testsuite hostname="Asim_PC" failures="0" tests="2" name="testGroups.PartialGroupsExample" time="0.010" errors="0" timestamp="2025-07-28T09:23:40 IST" skipped="0">
  <testcase classname="testGroups.PartialGroupsExample" name="testMethod3" time="0.002"/>
  <testcase classname="testGroups.PartialGroupsExample" name="testMethod1" time="0.008"/>
</testsuite> <!-- testGroups.PartialGroupsExample -->
