<?xml version="1.0" encoding="UTF-8"?>
<!-- Generated by org.testng.reporters.JUnitReportReporter -->
<testsuite hostname="Asim_PC" failures="0" tests="1" name="Listeners.Test_ExecutionListener" time="0.003" errors="0" timestamp="2025-08-01T22:03:34 IST" skipped="0">
  <testcase classname="Listeners.Test_ExecutionListener" name="executionListenertest1" time="0.003"/>
</testsuite> <!-- Listeners.Test_ExecutionListener -->
