<?xml version="1.0" encoding="UTF-8"?>
<!-- Generated by org.testng.reporters.JUnitReportReporter -->
<testsuite hostname="Asim_PC" failures="0" tests="1" name="Listeners.myIConfigurationListener_Test" time="0.009" errors="0" timestamp="2025-08-01T23:06:07 IST" skipped="0">
  <testcase classname="Listeners.myIConfigurationListener_Test" name="testConfigListner" time="0.009"/>
</testsuite> <!-- Listeners.myIConfigurationListener_Test -->
