<?xml version="1.0" encoding="UTF-8"?>
<!-- Generated by org.testng.reporters.JUnitReportReporter -->
<testsuite hostname="Asim_PC" failures="0" tests="3" name="testGroups.PartialGroupsExample" time="0.014" errors="0" timestamp="2025-07-20T16:18:56 IST" skipped="0">
  <testcase classname="testGroups.PartialGroupsExample" name="testMethod3" time="0.001"/>
  <testcase classname="testGroups.PartialGroupsExample" name="testMethod1" time="0.011"/>
  <testcase classname="testGroups.PartialGroupsExample" name="testMethod2" time="0.002"/>
</testsuite> <!-- testGroups.PartialGroupsExample -->
