<?xml version="1.0" encoding="UTF-8"?>
<!-- Generated by org.testng.reporters.JUnitReportReporter -->
<testsuite hostname="Asim_PC" failures="0" tests="2" name="Factories.WebTest" time="0.013" errors="0" timestamp="2025-07-27T12:26:11 IST" skipped="0">
  <testcase classname="Factories.WebTest" name="testFactoryInvocation" time="0.011"/>
  <testcase classname="Factories.WebTest" name="testFactoryInvocation" time="0.002"/>
</testsuite> <!-- Factories.WebTest -->
