<?xml version="1.0" encoding="UTF-8"?>
<!-- Generated by org.testng.reporters.JUnitReportReporter -->
<testsuite hostname="Asim_PC" failures="0" tests="2" name="TestNg.TestNgPractice.IgnoreTests" time="0.007" errors="0" timestamp="2025-07-20T21:17:39 IST" skipped="1">
  <testcase classname="TestNg.TestNgPractice.IgnoreTests" name="test2" time="0.007"/>
  <testcase classname="TestNg.TestNgPractice.IgnoreTests" name="test1">
    <skipped/>
  </testcase> <!-- test1 -->
</testsuite> <!-- TestNg.TestNgPractice.IgnoreTests -->
