<?xml version="1.0" encoding="UTF-8"?>
<!-- Generated by org.testng.reporters.JUnitReportReporter -->
<testsuite hostname="Asim_PC" failures="0" tests="2" name="Listeners.MyIDataProviderListener_Test" time="0.013" errors="0" timestamp="2025-08-02T20:36:02 IST" skipped="0">
  <testcase classname="Listeners.MyIDataProviderListener_Test" name="printData" time="0.010"/>
  <testcase classname="Listeners.MyIDataProviderListener_Test" name="printData" time="0.003"/>
</testsuite> <!-- Listeners.MyIDataProviderListener_Test -->
