<?xml version="1.0" encoding="UTF-8"?>
<!-- Generated by org.testng.reporters.JUnitReportReporter -->
<testsuite hostname="Asim_PC" failures="0" tests="1" name="Listeners.MyIclassListener_Test" time="0.011" errors="0" timestamp="2025-08-02T20:12:56 IST" skipped="0">
  <testcase classname="Listeners.MyIclassListener_Test" name="classListnerTestExample" time="0.011"/>
</testsuite> <!-- Listeners.MyIclassListener_Test -->
