<?xml version="1.0" encoding="UTF-8"?>
<!-- Generated by org.testng.reporters.JUnitReportReporter -->
<testsuite hostname="Asim_PC" failures="0" tests="5" name="Dependancies.DependanciesWithAnnotations" time="0.010" errors="0" timestamp="2025-07-20T17:28:36 IST" skipped="0">
  <testcase classname="Dependancies.DependanciesWithAnnotations" name="test3" time="0.002"/>
  <testcase classname="Dependancies.DependanciesWithAnnotations" name="test4" time="0.002"/>
  <testcase classname="Dependancies.DependanciesWithAnnotations" name="test5" time="0.001"/>
  <testcase classname="Dependancies.DependanciesWithAnnotations" name="test2" time="0.003"/>
  <testcase classname="Dependancies.DependanciesWithAnnotations" name="test1" time="0.002"/>
</testsuite> <!-- Dependancies.DependanciesWithAnnotations -->
