<?xml version="1.0" encoding="UTF-8"?>
<!-- Generated by org.testng.reporters.JUnitReportReporter -->
<testsuite hostname="Asim_PC" failures="0" tests="3" name="TestNg.TestNgPractice.TestGroups" time="0.017" errors="0" timestamp="2025-07-17T00:10:39 IST" skipped="0">
  <testcase classname="TestNg.TestNgPractice.TestGroups" name="testMethod3" time="0.002"/>
  <testcase classname="TestNg.TestNgPractice.TestGroups" name="testMethod2" time="0.002"/>
  <testcase classname="TestNg.TestNgPractice.TestGroups" name="testMethod1" time="0.013"/>
</testsuite> <!-- TestNg.TestNgPractice.TestGroups -->
