<?xml version="1.0" encoding="UTF-8"?>
<!-- Generated by org.testng.reporters.JUnitReportReporter -->
<testsuite hostname="Asim_PC" failures="0" tests="1" name="TestNg.TestNgPractice.myTestClass" time="0.011" errors="0" timestamp="2025-07-23T23:19:09 IST" skipped="0">
  <testcase classname="TestNg.TestNgPractice.myTestClass" name="retryTestDemo" time="0.011"/>
</testsuite> <!-- TestNg.TestNgPractice.myTestClass -->
