<?xml version="1.0" encoding="UTF-8"?>
<!-- Generated by org.testng.reporters.JUnitReportReporter -->
<testsuite hostname="Asim_PC" failures="0" tests="3" name="Dependancies.GroupDependanciesInTestNgXml" time="0.021" errors="0" timestamp="2025-07-20T18:03:26 IST" skipped="0">
  <testcase classname="Dependancies.GroupDependanciesInTestNgXml" name="test3" time="0.004"/>
  <testcase classname="Dependancies.GroupDependanciesInTestNgXml" name="test1" time="0.002"/>
  <testcase classname="Dependancies.GroupDependanciesInTestNgXml" name="test2" time="0.015"/>
</testsuite> <!-- Dependancies.GroupDependanciesInTestNgXml -->
