<?xml version="1.0" encoding="UTF-8"?>
<!-- Generated by org.testng.reporters.JUnitReportReporter -->
<testsuite hostname="Asim_PC" failures="0" tests="2" name="Factories.WebTest" time="0.007" errors="0" timestamp="2025-07-20T19:02:11 IST" skipped="0">
  <testcase classname="Factories.WebTest" name="testFactoryInvocation" time="0.006"/>
  <testcase classname="Factories.WebTest" name="testFactoryInvocation" time="0.001"/>
</testsuite> <!-- Factories.WebTest -->
