<?xml version="1.0" encoding="UTF-8"?>
<!-- Generated by org.testng.reporters.JUnitReportReporter -->
<testsuite hostname="Asim_PC" failures="0" tests="2" name="ParametersInTestNg.ParametersFromTestNgXmlExample" time="0.010" errors="0" timestamp="2025-07-18T23:27:35 IST" skipped="0">
  <testcase classname="ParametersInTestNg.ParametersFromTestNgXmlExample" name="testMethod2" time="0.002"/>
  <testcase classname="ParametersInTestNg.ParametersFromTestNgXmlExample" name="testMethod1" time="0.008"/>
</testsuite> <!-- ParametersInTestNg.ParametersFromTestNgXmlExample -->
